0 silly argv {
0 silly argv   _: [ 'create' ],
0 silly argv   lernaVersion: '3.22.0',
0 silly argv   '$0': 'lerna',
0 silly argv   name: 'hooks'
0 silly argv }
1 notice cli v3.22.0
2 verbose rootPath /Users/xingyuefeng/code/github/multi-hooks
3 error Error: canceled
3 error     at Interface.<anonymous> (/Users/xingyuefeng/.config/yarn/global/node_modules/read/lib/read.js:66:13)
3 error     at Interface.emit (events.js:315:20)
3 error     at Interface._ttyWrite (readline.js:873:16)
3 error     at ReadStream.onkeypress (readline.js:213:10)
3 error     at ReadStream.emit (events.js:315:20)
3 error     at emitKeys (internal/readline/utils.js:335:14)
3 error     at emitKeys.next (<anonymous>)
3 error     at ReadStream.onData (readline.js:1140:36)
3 error     at ReadStream.emit (events.js:315:20)
3 error     at addChunk (_stream_readable.js:302:12)
3 error     at readableAddChunk (_stream_readable.js:278:9)
3 error     at ReadStream.Readable.push (_stream_readable.js:217:10)
